---------Session Started---------
eyJhbGciOiJSUzI1NiIsInR5cCI6IkpXVCJ9.eyJlbWFpbCI6ImFzeW5jX2FzckBudHUuZWR1LnNnIiwicm9sZSI6InVzZXIiLCJuYW1lIjoiQXN5bmMgQVNSIiwidHlwZSI6Im5vcm1hbCIsImlhdCI6MTYxNDU5Nzk5NywibmJmIjoxNjE0NTk3OTk3LCJleHAiOjE2MTcxODk5OTcsImlzcyI6Imh0dHBzOi8vZ2F0ZXdheS5zcGVlY2hsYWIuc2ciLCJzdWIiOiI1ZjhlNTI2YzlmODZiODAwMjkyMzc1OWQifQ.lP-H1Zu8u6W0Mdox1FDo2Nq2nYhr2EyI_TTdmvaEntuEag136Envdji_Bpnaf9AM6_OzRP5HPa2lhAvg97e6BkSn2VJJHGdkvZToYvkiDwV4xGsFLEZMeXnuZjG94xsFsV4Cri1cefZqDMC9Mf1fILjrqIf-N6n8nrOG73CvuSvyVVwQ8kI1dvEWWHYEvJo7xzz0MJTF_TIkfIq8XNMfwDwyxBE57gaLaN8SCAiWawbFJnI-GlDwNm7KhP_NrzTMkU-IQRAzHHfgsN-NOqm69ZOKTK347NSk7Ei2g8igkQuMi0g-jv3BjZldvLCqKtuo67eTt5chMwTvfaOEdc973g
<vlc.Instance object at 0x000002C3622F28E0>
Page : 1
micid_speakerspeaker-1
0
11.75
Cached
Cached
ENTER esc
---------Session Started---------
eyJhbGciOiJSUzI1NiIsInR5cCI6IkpXVCJ9.eyJlbWFpbCI6ImFzeW5jX2FzckBudHUuZWR1LnNnIiwicm9sZSI6InVzZXIiLCJuYW1lIjoiQXN5bmMgQVNSIiwidHlwZSI6Im5vcm1hbCIsImlhdCI6MTYxNDY5NjQ0MSwibmJmIjoxNjE0Njk2NDQxLCJleHAiOjE2MTcyODg0NDEsImlzcyI6Imh0dHBzOi8vZ2F0ZXdheS5zcGVlY2hsYWIuc2ciLCJzdWIiOiI1ZjhlNTI2YzlmODZiODAwMjkyMzc1OWQifQ.ekiDrNc3YtDdLxJfrfhq3INtPLYL8A4ebzkAvd6QJ_d2lEvbbU2jL0t8AziAR4QmqJEq9RXc_9VRSs8xDghUtcyfyP7gif-7YWvPKe7AbNjwlInGmKgjsaM-dzJDbhv3XL1618kvnfQR7CfQ2reZOwCWhPD9bvycfBFolj2nW1oW_B6cMJvnFpdw6omLm40YsaxApHGmOeQBtq_dKa_5qwycZjvzfr22WDPK4X_MvPcapHXBFSPWaD1zvlD3T-O2RgHzyerSJmF-Yeg3hafXhX6cggfEAUiYHcuYg8hBkc31XWvePTct2QPZr0-xv5gLuFsuwyjXSgNOIIxAckoQlg
<vlc.Instance object at 0x0000022F757D0D90>
Page : 1
micid_speakerspeaker-2
0
26.25
Cached
ENTER esc
---------Session Started---------
eyJhbGciOiJSUzI1NiIsInR5cCI6IkpXVCJ9.eyJlbWFpbCI6ImFzeW5jX2FzckBudHUuZWR1LnNnIiwicm9sZSI6InVzZXIiLCJuYW1lIjoiQXN5bmMgQVNSIiwidHlwZSI6Im5vcm1hbCIsImlhdCI6MTYxNDY5ODQ5MywibmJmIjoxNjE0Njk4NDkzLCJleHAiOjE2MTcyOTA0OTMsImlzcyI6Imh0dHBzOi8vZ2F0ZXdheS5zcGVlY2hsYWIuc2ciLCJzdWIiOiI1ZjhlNTI2YzlmODZiODAwMjkyMzc1OWQifQ.rqDkT3A55uZ30ZH91JzOcO6JJWZthmveKYOZ_eAbQU6fkgOb0FfJccIUlTAZxQD_BM1aK8CUVSN5ESqKLrIvqt4gVhoRoXimZCvwUs9GmJK8f5c7-oE5ZArQMTC7qi8t1GcOrkevGsNP9j9ddRL8cMeFWisO0MLoTXIQLAYpYKNLP085wPWNQBk1uJheWYqYh_5xozeA21low5G7_WAjWIW2oVy9F7C3u9SeKJB19DlZHsN79L07zvepuH4KQn3mxRg3o2pbOzfbLmKYDdiMuEx998UG6Ps7ZlaaIhq_654TTlYvGoARAr6D8RixfkPAkmGhy_wp4Acm1km7xiKyOg
<vlc.Instance object at 0x00000119D27628E0>
Page : 1
micid_speakerspeaker-1
0
11.75
Cached
Cached
<vlc.Instance object at 0x00000119D2919F70>
Page : 1
micid_speakerspeaker-1
0
11.75
Cached
ENTER esc
